<?xml version="1.0" encoding="UTF-8"?>
<robot generator="Robot 5.0.1 (Python 3.8.9 on darwin)" generated="20220822 03:03:35.137" rpa="false" schemaversion="3">
<suite id="s1" name="Hub" source="/Users/HP/PycharmProjects/Robot-Hub-task/Test/Hub.robot">
<test id="s1-t1" name="Verify Successful login to Hub" line="19">
<kw name=" Opening Browser" library="Common">
<arg>${Site_url}</arg>
<arg>${browser}</arg>
<kw name="Open Browser" library="SeleniumLibrary">
<arg>${site_url}</arg>
<arg>${browser}</arg>
<doc>Opens a new browser instance to the optional ``url``.</doc>
<msg timestamp="20220822 03:03:35.339" level="INFO">Opening browser 'Chrome' to base url 'https://hub.knime.com'.</msg>
<status status="PASS" starttime="20220822 03:03:35.339" endtime="20220822 03:03:45.602"/>
</kw>
<kw name="Maximize Browser Window" library="SeleniumLibrary">
<doc>Maximizes current browser window.</doc>
<status status="PASS" starttime="20220822 03:03:45.603" endtime="20220822 03:03:45.896"/>
</kw>
<status status="PASS" starttime="20220822 03:03:35.338" endtime="20220822 03:03:45.897"/>
</kw>
<kw name=" Signin" library="Login">
<kw name="SeleniumLibrary.Click Element|${SignInButton}">
<msg timestamp="20220822 03:03:45.906" level="FAIL">No keyword with name 'SeleniumLibrary.Click Element|${SignInButton}' found. Did you try using keyword 'SeleniumLibrary.Click Element' and forgot to use enough whitespace between keyword and arguments?</msg>
<status status="FAIL" starttime="20220822 03:03:45.906" endtime="20220822 03:03:45.906"/>
</kw>
<status status="FAIL" starttime="20220822 03:03:45.897" endtime="20220822 03:03:45.909"/>
</kw>
<kw name=" EmailBox" library="Login">
<status status="NOT RUN" starttime="20220822 03:03:45.909" endtime="20220822 03:03:45.909"/>
</kw>
<kw name=" PassWordBox" library="Login">
<status status="NOT RUN" starttime="20220822 03:03:45.909" endtime="20220822 03:03:45.909"/>
</kw>
<kw name=" Submiton" library="Login">
<status status="NOT RUN" starttime="20220822 03:03:45.909" endtime="20220822 03:03:45.909"/>
</kw>
<kw name=" Login" library="Login">
<status status="NOT RUN" starttime="20220822 03:03:45.909" endtime="20220822 03:03:45.909"/>
</kw>
<kw name=" LogOut" library="Login">
<status status="NOT RUN" starttime="20220822 03:03:45.910" endtime="20220822 03:03:45.910"/>
</kw>
<kw name="Close Browser" library="SeleniumLibrary">
<doc>Closes the current browser.</doc>
<status status="NOT RUN" starttime="20220822 03:03:45.910" endtime="20220822 03:03:45.910"/>
</kw>
<doc>This test case verifies that a user is able to successfully login and logout of the Hub</doc>
<tag>Smoke</tag>
<status status="FAIL" starttime="20220822 03:03:35.337" endtime="20220822 03:03:45.910">No keyword with name 'SeleniumLibrary.Click Element|${SignInButton}' found. Did you try using keyword 'SeleniumLibrary.Click Element' and forgot to use enough whitespace between keyword and arguments?</status>
</test>
<doc>Page Object In Robot Framework</doc>
<status status="FAIL" starttime="20220822 03:03:35.140" endtime="20220822 03:03:45.911"/>
</suite>
<statistics>
<total>
<stat pass="0" fail="1" skip="0">All Tests</stat>
</total>
<tag>
<stat pass="0" fail="1" skip="0">Smoke</stat>
</tag>
<suite>
<stat pass="0" fail="1" skip="0" id="s1" name="Hub">Hub</stat>
</suite>
</statistics>
<errors>
<msg timestamp="20220822 03:03:35.331" level="ERROR">Error in file '/Users/HP/PycharmProjects/Robot-Hub-task/Resources/PageObjects/KeywordDefinationFiles/Spaces.resource' on line 4: Invalid resource file extension '.py'. Supported extensions are '.resource', '.robot', '.txt', '.tsv', '.rst' and '.rest'.</msg>
<msg timestamp="20220822 03:03:35.331" level="ERROR">Error in file '/Users/HP/PycharmProjects/Robot-Hub-task/Resources/PageObjects/KeywordDefinationFiles/Spaces.resource' on line 5: Invalid resource file extension '.py'. Supported extensions are '.resource', '.robot', '.txt', '.tsv', '.rst' and '.rest'.</msg>
<msg timestamp="20220822 03:03:35.331" level="ERROR">Error in file '/Users/HP/PycharmProjects/Robot-Hub-task/Test/Hub.robot' on line 8: Invalid resource file extension '.py'. Supported extensions are '.resource', '.robot', '.txt', '.tsv', '.rst' and '.rest'.</msg>
<msg timestamp="20220822 03:03:35.333" level="ERROR">Error in file '/Users/HP/PycharmProjects/Robot-Hub-task/Resources/PageObjects/KeywordDefinationFiles/Common.resource' on line 4: Invalid resource file extension '.py'. Supported extensions are '.resource', '.robot', '.txt', '.tsv', '.rst' and '.rest'.</msg>
<msg timestamp="20220822 03:03:35.333" level="ERROR">Error in file '/Users/HP/PycharmProjects/Robot-Hub-task/Resources/PageObjects/KeywordDefinationFiles/Common.resource' on line 5: Invalid resource file extension '.py'. Supported extensions are '.resource', '.robot', '.txt', '.tsv', '.rst' and '.rest'.</msg>
<msg timestamp="20220822 03:03:35.336" level="ERROR">Error in file '/Users/HP/PycharmProjects/Robot-Hub-task/Resources/PageObjects/KeywordDefinationFiles/Login.resource' on line 2: Importing library 'Seleniumlibrary' failed: ModuleNotFoundError: No module named 'Seleniumlibrary'
Traceback (most recent call last):
  None
PYTHONPATH:
  /usr/local/bin
  /Library/Developer/CommandLineTools/Library/Frameworks/Python3.framework/Versions/3.8/lib/python38.zip
  /Library/Developer/CommandLineTools/Library/Frameworks/Python3.framework/Versions/3.8/lib/python3.8
  /Library/Developer/CommandLineTools/Library/Frameworks/Python3.framework/Versions/3.8/lib/python3.8/lib-dynload
  /Library/Developer/CommandLineTools/Library/Frameworks/Python3.framework/Versions/3.8/lib/python3.8/site-packages
  /Library/Python/3.8/site-packages</msg>
<msg timestamp="20220822 03:03:35.336" level="ERROR">Error in file '/Users/HP/PycharmProjects/Robot-Hub-task/Resources/PageObjects/KeywordDefinationFiles/Login.resource' on line 4: Invalid resource file extension '.py'. Supported extensions are '.resource', '.robot', '.txt', '.tsv', '.rst' and '.rest'.</msg>
<msg timestamp="20220822 03:03:35.336" level="ERROR">Error in file '/Users/HP/PycharmProjects/Robot-Hub-task/Resources/PageObjects/KeywordDefinationFiles/Login.resource' on line 5: Invalid resource file extension '.py'. Supported extensions are '.resource', '.robot', '.txt', '.tsv', '.rst' and '.rest'.</msg>
<msg timestamp="20220822 03:03:35.336" level="ERROR">Error in file '/Users/HP/PycharmProjects/Robot-Hub-task/Test/Hub.robot' on line 11: Invalid resource file extension '.py'. Supported extensions are '.resource', '.robot', '.txt', '.tsv', '.rst' and '.rest'.</msg>
</errors>
</robot>
